<?xml version="1.0" encoding="UTF-8"?>
<!-- Generated by org.testng.reporters.JUnitReportReporter -->
<testsuite hostname="BINTERNS-QA18L" failures="0" tests="6" name="XMLfile_parameterization.xml_filedemo" time="64.430" errors="0" timestamp="2023-03-07T19:04:59 IST" skipped="0">
  <testcase classname="XMLfile_parameterization.xml_filedemo" name="setup" time="14.789"/>
  <system-out/>
  <testcase classname="XMLfile_parameterization.xml_filedemo" name="setup" time="27.322"/>
  <system-out/>
  <testcase classname="XMLfile_parameterization.xml_filedemo" name="setup" time="21.108"/>
  <system-out/>
  <testcase classname="XMLfile_parameterization.xml_filedemo" name="closeApp" time="0.241"/>
  <system-out/>
  <testcase classname="XMLfile_parameterization.xml_filedemo" name="closeApp" time="0.696"/>
  <system-out/>
  <testcase classname="XMLfile_parameterization.xml_filedemo" name="closeApp" time="0.274"/>
  <system-out/>
</testsuite> <!-- XMLfile_parameterization.xml_filedemo -->
