<?xml version="1.0" encoding="UTF-8"?>
<!-- Generated by org.testng.reporters.JUnitReportReporter -->
<testsuite hostname="BINTERNS-QA18L" failures="0" tests="2" name="Annotations_demo.Annotation_class1" time="0.002" errors="0" timestamp="2023-03-06T10:43:23 IST" skipped="0">
  <testcase classname="Annotations_demo.Annotation_class1" name="Search" time="0.002"/>
  <system-out/>
  <testcase classname="Annotations_demo.Annotation_class1" name="ASearch" time="0.000"/>
  <system-out/>
</testsuite> <!-- Annotations_demo.Annotation_class1 -->
