<?xml version="1.0" encoding="UTF-8"?>
<!-- Generated by org.testng.reporters.JUnitReportReporter -->
<testsuite hostname="BINTERNS-QA18L" failures="0" tests="1" name="dependency_method.hard_assertions" time="0.005" errors="0" timestamp="2023-03-06T11:42:18 IST" skipped="0">
  <testcase classname="dependency_method.hard_assertions" name="hardassertion" time="0.005"/>
  <system-out/>
</testsuite> <!-- dependency_method.hard_assertions -->
