<?xml version="1.0" encoding="UTF-8"?>
<!-- Generated by org.testng.reporters.JUnitReportReporter -->
<testsuite hostname="BINTERNS-QA18L" failures="0" tests="2" name="Annotations_demo.Annotations_class" time="0.010" errors="0" timestamp="2023-03-06T10:36:24 IST" skipped="0">
  <testcase classname="Annotations_demo.Annotations_class" name="Search" time="0.008"/>
  <system-out/>
  <testcase classname="Annotations_demo.Annotations_class" name="ASearch" time="0.002"/>
  <system-out/>
</testsuite> <!-- Annotations_demo.Annotations_class -->
