<?xml version="1.0" encoding="UTF-8"?>
<!-- Generated by org.testng.reporters.JUnitReportReporter -->
<testsuite hostname="BINTERNS-QA18L" failures="0" tests="1" name="Annotations_demo_1packk.beforetest1" time="0.005" errors="0" timestamp="2023-03-07T16:18:06 IST" skipped="0">
  <testcase classname="Annotations_demo_1packk.beforetest1" name="abc" time="0.005"/>
  <system-out/>
</testsuite> <!-- Annotations_demo_1packk.beforetest1 -->
