<?xml version="1.0" encoding="UTF-8"?>
<!-- Generated by org.testng.reporters.JUnitReportReporter -->
<testsuite hostname="BINTERNS-QA18L" failures="0" tests="1" name="Annotations_demo_1packk.Beforetest2" time="0.000" errors="0" timestamp="2023-03-07T16:18:06 IST" skipped="0">
  <testcase classname="Annotations_demo_1packk.Beforetest2" name="xyz" time="0.000"/>
  <system-out/>
</testsuite> <!-- Annotations_demo_1packk.Beforetest2 -->
