<?xml version="1.0" encoding="UTF-8"?>
<!-- Generated by org.testng.reporters.JUnitReportReporter -->
<testsuite hostname="BINTERNS-QA18L" failures="0" tests="2" name="Annotations_demo.all_annotations" time="0.009" errors="0" timestamp="2023-03-06T11:50:53 IST" skipped="0">
  <testcase classname="Annotations_demo.all_annotations" name="Search" time="0.007"/>
  <system-out/>
  <testcase classname="Annotations_demo.all_annotations" name="ASearch" time="0.002"/>
  <system-out/>
</testsuite> <!-- Annotations_demo.all_annotations -->
