<?xml version="1.0" encoding="UTF-8"?>
<!-- Generated by org.testng.reporters.JUnitReportReporter -->
<testsuite hostname="BINTERNS-QA18L" failures="0" tests="10" name="Annotations_demo.invocation_count" time="0.007" errors="0" timestamp="2023-03-07T10:21:06 IST" skipped="0">
  <testcase classname="Annotations_demo.invocation_count" name="demo" time="0.000"/>
  <system-out/>
  <testcase classname="Annotations_demo.invocation_count" name="demo" time="0.005"/>
  <system-out/>
  <testcase classname="Annotations_demo.invocation_count" name="demo" time="0.000"/>
  <system-out/>
  <testcase classname="Annotations_demo.invocation_count" name="demo" time="0.001"/>
  <system-out/>
  <testcase classname="Annotations_demo.invocation_count" name="demo" time="0.000"/>
  <system-out/>
  <testcase classname="Annotations_demo.invocation_count" name="demo" time="0.000"/>
  <system-out/>
  <testcase classname="Annotations_demo.invocation_count" name="demo" time="0.000"/>
  <system-out/>
  <testcase classname="Annotations_demo.invocation_count" name="demo" time="0.000"/>
  <system-out/>
  <testcase classname="Annotations_demo.invocation_count" name="demo" time="0.000"/>
  <system-out/>
  <testcase classname="Annotations_demo.invocation_count" name="demo" time="0.001"/>
  <system-out/>
</testsuite> <!-- Annotations_demo.invocation_count -->
