<?xml version="1.0" encoding="UTF-8"?>
<!-- Generated by org.testng.reporters.JUnitReportReporter -->
<testsuite hostname="BINTERNS-QA18L" failures="0" tests="1" name="facebook.Flipkart_demo" time="0.067" errors="0" timestamp="2023-03-07T18:20:39 IST" skipped="0">
  <testcase classname="facebook.Flipkart_demo" name="get_links_count" time="0.067"/>
  <system-out/>
</testsuite> <!-- facebook.Flipkart_demo -->
