<?xml version="1.0" encoding="UTF-8"?>
<!-- Generated by org.testng.reporters.JUnitReportReporter -->
<testsuite hostname="BINTERNS-QA18L" failures="0" tests="3" name="TestNG_demo.test1" time="7.199" errors="0" timestamp="2023-03-07T16:13:10 IST" skipped="0">
  <testcase classname="TestNG_demo.test1" name="openapp" time="5.361"/>
  <system-out/>
  <testcase classname="TestNG_demo.test1" name="login" time="1.669"/>
  <system-out/>
  <testcase classname="TestNG_demo.test1" name="closeapp" time="0.169"/>
  <system-out/>
</testsuite> <!-- TestNG_demo.test1 -->
