<?xml version="1.0" encoding="UTF-8"?>
<!-- Generated by org.testng.reporters.JUnitReportReporter -->
<testsuite hostname="BINTERNS-QA18L" failures="0" tests="1" name="grouping.group_class" time="0.004" errors="0" timestamp="2023-03-06T15:29:36 IST" skipped="0">
  <testcase classname="grouping.group_class" name="loginBymobile" time="0.004"/>
  <system-out/>
</testsuite> <!-- grouping.group_class -->
